2023.10.04 13:51:33 INFO  Started: Metals version 1.0.1 in folders 'D:\Work\CueLogic\IAC\iac-soc\backend' for client Visual Studio Code 1.82.2.
Oct 04, 2023 1:51:33 PM org.flywaydb.core.internal.license.VersionPrinter printVersionOnly
INFO: Flyway Community Edition 9.21.2 by Redgate
Oct 04, 2023 1:51:33 PM org.flywaydb.core.internal.license.VersionPrinter printVersion
INFO: See release notes here: https://rd.gt/416ObMi
Oct 04, 2023 1:51:33 PM org.flywaydb.core.internal.license.VersionPrinter printVersion
INFO: 
Oct 04, 2023 1:51:33 PM org.flywaydb.core.FlywayExecutor execute
INFO: Database: jdbc:h2:file:D:\Work\CueLogic\IAC\iac-soc\backend\.metals\metals (H2 2.1)
Oct 04, 2023 1:51:34 PM org.flywaydb.core.internal.schemahistory.JdbcTableSchemaHistory allAppliedMigrations
INFO: Schema history table "PUBLIC"."flyway_schema_history" does not exist yet
Oct 04, 2023 1:51:34 PM org.flywaydb.core.internal.command.DbValidate validate
INFO: Successfully validated 4 migrations (execution time 00:00.037s)
Oct 04, 2023 1:51:34 PM org.flywaydb.core.internal.schemahistory.JdbcTableSchemaHistory create
INFO: Creating Schema History table "PUBLIC"."flyway_schema_history" ...
Oct 04, 2023 1:51:34 PM org.flywaydb.core.internal.command.DbMigrate migrateGroup
INFO: Current version of schema "PUBLIC": << Empty Schema >>
Oct 04, 2023 1:51:34 PM org.flywaydb.core.internal.command.DbMigrate doMigrateGroup
INFO: Migrating schema "PUBLIC" to version "1 - Create tables"
Oct 04, 2023 1:51:34 PM org.flywaydb.core.internal.command.DbMigrate doMigrateGroup
INFO: Migrating schema "PUBLIC" to version "2 - Server discovery"
Oct 04, 2023 1:51:34 PM org.flywaydb.core.internal.command.DbMigrate doMigrateGroup
INFO: Migrating schema "PUBLIC" to version "3 - Jar symbols"
Oct 04, 2023 1:51:34 PM org.flywaydb.core.internal.command.DbMigrate doMigrateGroup
INFO: Migrating schema "PUBLIC" to version "4 - Fingerprints"
Oct 04, 2023 1:51:34 PM org.flywaydb.core.internal.command.DbMigrate logSummary
INFO: Successfully applied 4 migrations to schema "PUBLIC", now at version v4 (execution time 00:00.040s)
2023.10.04 13:51:34 INFO  time: initialize in 1.18s
2023.10.04 13:51:36 WARN  Build server is not auto-connectable.
2023.10.04 13:51:36 WARN  no build target for: D:\Work\CueLogic\IAC\iac-soc\backend\src\main\scala\com\iac\soc\backend\api\dashboard\Repository.scala
2023.10.04 13:51:39 INFO  no build target found for D:\Work\CueLogic\IAC\iac-soc\backend\src\main\scala\com\iac\soc\backend\api\dashboard\Repository.scala. Using presentation compiler with project's scala-library version: 3.3.0
2023.10.04 13:51:39 WARN  no build target for: D:\Work\CueLogic\IAC\iac-soc\backend\src\main\scala\com\iac\soc\backend\api\log\Repository.scala
Oct 04, 2023 1:51:40 PM org.eclipse.lsp4j.jsonrpc.RemoteEndpoint handleCancellation
WARNING: Unmatched cancel notification for request id 6
2023.10.04 13:51:44 INFO  time: code lens generation in 7.64s
2023.10.04 13:51:44 INFO  time: code lens generation in 4.12s
2023.10.04 13:51:47 WARN  no build target for: D:\Work\CueLogic\IAC\iac-soc\backend\src\main\scala\com\iac\soc\backend\api\threat\Repository.scala
2023.10.04 13:52:02 WARN  no build target for: D:\Work\CueLogic\IAC\iac-soc\backend\src\main\scala\com\iac\soc\backend\log\Repository.scala
Oct 04, 2023 1:54:20 PM org.eclipse.lsp4j.jsonrpc.RemoteEndpoint handleCancellation
WARNING: Unmatched cancel notification for request id 54
2023.10.04 14:14:48 WARN  no build target for: D:\Work\CueLogic\IAC\iac-soc\backend\src\main\scala\com\iac\soc\backend\api\log\Manager.scala
2023.10.04 14:15:12 WARN  no build target for: D:\Work\CueLogic\IAC\iac-soc\backend\src\main\scala\com\iac\soc\backend\api\rule\validators\Insert.scala
2023.10.04 15:47:48 WARN  no build target for: D:\Work\CueLogic\IAC\iac-soc\backend\src\main\scala\com\iac\soc\backend\pipeline\enrichment\Manager.scala
2023.10.04 15:47:49 WARN  no build target for: D:\Work\CueLogic\IAC\iac-soc\backend\src\main\scala\com\iac\soc\backend\pipeline\enrichment\Worker.scala
2023.10.04 16:27:46 WARN  no build target for: D:\Work\CueLogic\IAC\iac-soc\backend\src\main\scala\com\iac\soc\backend\api\logsources\Repository.scala
Oct 04, 2023 4:30:06 PM org.eclipse.lsp4j.jsonrpc.RemoteEndpoint fallbackResponseError
SEVERE: Internal error: java.lang.UnsupportedOperationException: tail of empty list
java.util.concurrent.CompletionException: java.lang.UnsupportedOperationException: tail of empty list
	at java.util.concurrent.CompletableFuture.encodeThrowable(Unknown Source)
	at java.util.concurrent.CompletableFuture.completeThrowable(Unknown Source)
	at java.util.concurrent.CompletableFuture.uniAccept(Unknown Source)
	at java.util.concurrent.CompletableFuture$UniAccept.tryFire(Unknown Source)
	at java.util.concurrent.CompletableFuture.postComplete(Unknown Source)
	at java.util.concurrent.CompletableFuture.completeExceptionally(Unknown Source)
	at scala.meta.internal.metals.CancelTokens$.$anonfun$future$1(CancelTokens.scala:40)
	at scala.meta.internal.metals.CancelTokens$.$anonfun$future$1$adapted(CancelTokens.scala:38)
	at scala.concurrent.impl.Promise$Transformation.run(Promise.scala:484)
	at java.util.concurrent.ThreadPoolExecutor.runWorker(Unknown Source)
	at java.util.concurrent.ThreadPoolExecutor$Worker.run(Unknown Source)
	at java.lang.Thread.run(Unknown Source)
Caused by: java.lang.UnsupportedOperationException: tail of empty list
	at scala.collection.immutable.Nil$.tail(List.scala:664)
	at scala.collection.immutable.Nil$.tail(List.scala:661)
	at scala.meta.internal.metals.codeactions.CreateCompanionObjectCodeAction.$anonfun$endPosOfTree$1(CreateCompanionObjectCodeAction.scala:77)
	at scala.Option.flatMap(Option.scala:283)
	at scala.meta.internal.metals.codeactions.CreateCompanionObjectCodeAction.endPosOfTree(CreateCompanionObjectCodeAction.scala:75)
	at scala.meta.internal.metals.codeactions.CreateCompanionObjectCodeAction.$anonfun$contribute$5(CreateCompanionObjectCodeAction.scala:61)
	at scala.Option.map(Option.scala:242)
	at scala.meta.internal.metals.codeactions.CreateCompanionObjectCodeAction.$anonfun$contribute$4(CreateCompanionObjectCodeAction.scala:58)
	at scala.Option$WithFilter.flatMap(Option.scala:283)
	at scala.meta.internal.metals.codeactions.CreateCompanionObjectCodeAction.$anonfun$contribute$2(CreateCompanionObjectCodeAction.scala:56)
	at scala.Option.flatMap(Option.scala:283)
	at scala.meta.internal.metals.codeactions.CreateCompanionObjectCodeAction.$anonfun$contribute$1(CreateCompanionObjectCodeAction.scala:55)
	at scala.concurrent.Future$.$anonfun$apply$1(Future.scala:687)
	at scala.concurrent.impl.Promise$Transformation.run(Promise.scala:467)
	... 3 more

